<?xml version="1.0" encoding="UTF-8"?>
<testng-results skipped="1" failed="1" ignored="0" total="3" passed="1">
  <reporter-output>
  </reporter-output>
  <suite name="Suite" duration-ms="50787" started-at="2022-02-22T14:38:10Z" finished-at="2022-02-22T14:39:01Z">
    <groups>
    </groups>
    <test name="Test" duration-ms="50787" started-at="2022-02-22T14:38:10Z" finished-at="2022-02-22T14:39:01Z">
      <class name="com.qa.company.tests.OpenMRSTest">
        <test-method status="PASS" signature="setup([Ljava.lang.Object;)[pri:0, instance:com.qa.company.tests.OpenMRSTest@d62f43]" name="setup" is-config="true" duration-ms="5376" started-at="2022-02-22T14:38:11Z" finished-at="2022-02-22T14:38:16Z">
          <params>
            <param index="0">
              <value>
                <![CDATA[[Ljava.lang.Object;@1697186]]>
              </value>
            </param>
          </params>
          <reporter-output>
          </reporter-output>
        </test-method> <!-- setup -->
        <test-method status="PASS" signature="loginLogoutTest(java.util.Map)[pri:0, instance:com.qa.company.tests.OpenMRSTest@d62f43]" name="loginLogoutTest" duration-ms="1834" started-at="2022-02-22T14:38:16Z" description="This test is to verify the login and logout functionality" finished-at="2022-02-22T14:38:18Z">
          <params>
            <param index="0">
              <value>
                <![CDATA[{fname=Ujjwal, password=Admin123, browser=chrome, execute=yes, testName=loginLogoutTest, username=Admin}]]>
              </value>
            </param>
          </params>
          <reporter-output>
          </reporter-output>
        </test-method> <!-- loginLogoutTest -->
        <test-method status="PASS" signature="teardown()[pri:0, instance:com.qa.company.tests.OpenMRSTest@d62f43]" name="teardown" is-config="true" duration-ms="964" started-at="2022-02-22T14:38:18Z" finished-at="2022-02-22T14:38:19Z">
          <reporter-output>
          </reporter-output>
        </test-method> <!-- teardown -->
        <test-method status="PASS" signature="setup([Ljava.lang.Object;)[pri:0, instance:com.qa.company.tests.OpenMRSTest@d62f43]" name="setup" is-config="true" duration-ms="6613" started-at="2022-02-22T14:38:19Z" finished-at="2022-02-22T14:38:25Z">
          <params>
            <param index="0">
              <value>
                <![CDATA[[Ljava.lang.Object;@183741e]]>
              </value>
            </param>
          </params>
          <reporter-output>
          </reporter-output>
        </test-method> <!-- setup -->
        <test-method status="SKIP" signature="loginLogoutTest(java.util.Map)[pri:0, instance:com.qa.company.tests.OpenMRSTest@d62f43]" name="loginLogoutTest" duration-ms="11396" started-at="2022-02-22T14:38:25Z" description="This test is to verify the login and logout functionality" finished-at="2022-02-22T14:38:37Z">
          <params>
            <param index="0">
              <value>
                <![CDATA[{fname=Test, password=Admin123, browser=firefox, execute=yes, testName=loginLogoutTest, username=Admin123}]]>
              </value>
            </param>
          </params>
          <exception class="org.openqa.selenium.TimeoutException">
            <message>
              <![CDATA[Expected condition failed: waiting for element to be clickable: By.xpath: //i[contains(@class,'signout')] (tried for 10 second(s) with 500 milliseconds interval)]]>
            </message>
            <full-stacktrace>
              <![CDATA[org.openqa.selenium.TimeoutException: Expected condition failed: waiting for element to be clickable: By.xpath: //i[contains(@class,'signout')] (tried for 10 second(s) with 500 milliseconds interval)
at org.openqa.selenium.support.ui.WebDriverWait.timeoutException(WebDriverWait.java:95)
at org.openqa.selenium.support.ui.FluentWait.until(FluentWait.java:272)
at com.qa.company.factories.ExplicitWaitFactory.performExplicitWait(ExplicitWaitFactory.java:20)
at com.qa.company.pages.BasePage.click(BasePage.java:17)
at com.qa.company.pages.OpenMRSHomePage.clickLogout(OpenMRSHomePage.java:21)
at com.qa.company.tests.OpenMRSTest.loginLogoutTest(OpenMRSTest.java:23)
at sun.reflect.NativeMethodAccessorImpl.invoke0(Native Method)
at sun.reflect.NativeMethodAccessorImpl.invoke(Unknown Source)
at sun.reflect.DelegatingMethodAccessorImpl.invoke(Unknown Source)
at java.lang.reflect.Method.invoke(Unknown Source)
at org.testng.internal.MethodInvocationHelper.invokeMethod(MethodInvocationHelper.java:124)
at org.testng.internal.Invoker.invokeMethod(Invoker.java:583)
at org.testng.internal.Invoker.invokeTestMethod(Invoker.java:719)
at org.testng.internal.Invoker.invokeTestMethods(Invoker.java:989)
at org.testng.internal.TestMethodWorker.invokeTestMethods(TestMethodWorker.java:125)
at org.testng.internal.TestMethodWorker.run(TestMethodWorker.java:109)
at java.util.concurrent.ThreadPoolExecutor.runWorker(Unknown Source)
at java.util.concurrent.ThreadPoolExecutor$Worker.run(Unknown Source)
at java.lang.Thread.run(Unknown Source)
Caused by: org.openqa.selenium.NoSuchElementException: Unable to locate element: //i[contains(@class,'signout')]
For documentation on this error, please visit: https://www.seleniumhq.org/exceptions/no_such_element.html
Build info: version: '3.141.59', revision: 'e82be7d358', time: '2018-11-14T08:17:03'
System info: host: 'USVAWXMCS0265', ip: '10.232.41.15', os.name: 'Windows 10', os.arch: 'x86', os.version: '10.0', java.version: '1.8.0_301'
Driver info: org.openqa.selenium.firefox.FirefoxDriver
Capabilities {acceptInsecureCerts: true, browserName: firefox, browserVersion: 91.0.2, javascriptEnabled: true, moz:accessibilityChecks: false, moz:buildID: 20210823123856, moz:geckodriverVersion: 0.30.0, moz:headless: false, moz:processID: 13776, moz:profile: C:\Users\local_sagaru\Temp\..., moz:shutdownTimeout: 60000, moz:useNonSpecCompliantPointerOrigin: false, moz:webdriverClick: true, pageLoadStrategy: normal, platform: WINDOWS, platformName: WINDOWS, platformVersion: 10.0, proxy: Proxy(), setWindowRect: true, strictFileInteractability: false, timeouts: {implicit: 0, pageLoad: 300000, script: 30000}, unhandledPromptBehavior: dismiss and notify}
Session ID: d3627997-150b-449b-b94b-dc62d3559806
*** Element info: {Using=xpath, value=//i[contains(@class,'signout')]}
at sun.reflect.GeneratedConstructorAccessor23.newInstance(Unknown Source)
at sun.reflect.DelegatingConstructorAccessorImpl.newInstance(Unknown Source)
at java.lang.reflect.Constructor.newInstance(Unknown Source)
at org.openqa.selenium.remote.http.W3CHttpResponseCodec.createException(W3CHttpResponseCodec.java:187)
at org.openqa.selenium.remote.http.W3CHttpResponseCodec.decode(W3CHttpResponseCodec.java:122)
at org.openqa.selenium.remote.http.W3CHttpResponseCodec.decode(W3CHttpResponseCodec.java:49)
at org.openqa.selenium.remote.HttpCommandExecutor.execute(HttpCommandExecutor.java:158)
at org.openqa.selenium.remote.service.DriverCommandExecutor.execute(DriverCommandExecutor.java:83)
at org.openqa.selenium.remote.RemoteWebDriver.execute(RemoteWebDriver.java:552)
at org.openqa.selenium.remote.RemoteWebDriver.findElement(RemoteWebDriver.java:323)
at org.openqa.selenium.remote.RemoteWebDriver.findElementByXPath(RemoteWebDriver.java:428)
at org.openqa.selenium.By$ByXPath.findElement(By.java:353)
at org.openqa.selenium.remote.RemoteWebDriver.findElement(RemoteWebDriver.java:315)
at org.openqa.selenium.support.ui.ExpectedConditions$7.apply(ExpectedConditions.java:205)
at org.openqa.selenium.support.ui.ExpectedConditions$7.apply(ExpectedConditions.java:201)
at org.openqa.selenium.support.ui.ExpectedConditions$22.apply(ExpectedConditions.java:641)
at org.openqa.selenium.support.ui.ExpectedConditions$22.apply(ExpectedConditions.java:638)
at org.openqa.selenium.support.ui.FluentWait.until(FluentWait.java:249)
... 17 more
]]>
            </full-stacktrace>
          </exception> <!-- org.openqa.selenium.TimeoutException -->
          <reporter-output>
          </reporter-output>
        </test-method> <!-- loginLogoutTest -->
        <test-method status="PASS" signature="teardown()[pri:0, instance:com.qa.company.tests.OpenMRSTest@d62f43]" name="teardown" is-config="true" duration-ms="2588" started-at="2022-02-22T14:38:37Z" finished-at="2022-02-22T14:38:39Z">
          <reporter-output>
          </reporter-output>
        </test-method> <!-- teardown -->
        <test-method status="PASS" signature="setup([Ljava.lang.Object;)[pri:0, instance:com.qa.company.tests.OpenMRSTest@d62f43]" name="setup" is-config="true" duration-ms="7224" started-at="2022-02-22T14:38:39Z" finished-at="2022-02-22T14:38:47Z">
          <params>
            <param index="0">
              <value>
                <![CDATA[[Ljava.lang.Object;@1367418]]>
              </value>
            </param>
          </params>
          <reporter-output>
          </reporter-output>
        </test-method> <!-- setup -->
        <test-method status="FAIL" signature="loginLogoutTest(java.util.Map)[pri:0, instance:com.qa.company.tests.OpenMRSTest@d62f43]" name="loginLogoutTest" duration-ms="11408" started-at="2022-02-22T14:38:47Z" description="This test is to verify the login and logout functionality" finished-at="2022-02-22T14:38:58Z">
          <params>
            <param index="0">
              <value>
                <![CDATA[{fname=Test, password=Admin123, browser=firefox, execute=yes, testName=loginLogoutTest, username=Admin123}]]>
              </value>
            </param>
          </params>
          <exception class="org.openqa.selenium.TimeoutException">
            <message>
              <![CDATA[Expected condition failed: waiting for element to be clickable: By.xpath: //i[contains(@class,'signout')] (tried for 10 second(s) with 500 milliseconds interval)]]>
            </message>
            <full-stacktrace>
              <![CDATA[org.openqa.selenium.TimeoutException: Expected condition failed: waiting for element to be clickable: By.xpath: //i[contains(@class,'signout')] (tried for 10 second(s) with 500 milliseconds interval)
at org.openqa.selenium.support.ui.WebDriverWait.timeoutException(WebDriverWait.java:95)
at org.openqa.selenium.support.ui.FluentWait.until(FluentWait.java:272)
at com.qa.company.factories.ExplicitWaitFactory.performExplicitWait(ExplicitWaitFactory.java:20)
at com.qa.company.pages.BasePage.click(BasePage.java:17)
at com.qa.company.pages.OpenMRSHomePage.clickLogout(OpenMRSHomePage.java:21)
at com.qa.company.tests.OpenMRSTest.loginLogoutTest(OpenMRSTest.java:23)
at sun.reflect.NativeMethodAccessorImpl.invoke0(Native Method)
at sun.reflect.NativeMethodAccessorImpl.invoke(Unknown Source)
at sun.reflect.DelegatingMethodAccessorImpl.invoke(Unknown Source)
at java.lang.reflect.Method.invoke(Unknown Source)
at org.testng.internal.MethodInvocationHelper.invokeMethod(MethodInvocationHelper.java:124)
at org.testng.internal.Invoker.invokeMethod(Invoker.java:583)
at org.testng.internal.Invoker.retryFailed(Invoker.java:839)
at org.testng.internal.Invoker.invokeTestMethods(Invoker.java:1010)
at org.testng.internal.TestMethodWorker.invokeTestMethods(TestMethodWorker.java:125)
at org.testng.internal.TestMethodWorker.run(TestMethodWorker.java:109)
at java.util.concurrent.ThreadPoolExecutor.runWorker(Unknown Source)
at java.util.concurrent.ThreadPoolExecutor$Worker.run(Unknown Source)
at java.lang.Thread.run(Unknown Source)
Caused by: org.openqa.selenium.NoSuchElementException: Unable to locate element: //i[contains(@class,'signout')]
For documentation on this error, please visit: https://www.seleniumhq.org/exceptions/no_such_element.html
Build info: version: '3.141.59', revision: 'e82be7d358', time: '2018-11-14T08:17:03'
System info: host: 'USVAWXMCS0265', ip: '10.232.41.15', os.name: 'Windows 10', os.arch: 'x86', os.version: '10.0', java.version: '1.8.0_301'
Driver info: org.openqa.selenium.firefox.FirefoxDriver
Capabilities {acceptInsecureCerts: true, browserName: firefox, browserVersion: 91.0.2, javascriptEnabled: true, moz:accessibilityChecks: false, moz:buildID: 20210823123856, moz:geckodriverVersion: 0.30.0, moz:headless: false, moz:processID: 7756, moz:profile: C:\Users\local_sagaru\Temp\..., moz:shutdownTimeout: 60000, moz:useNonSpecCompliantPointerOrigin: false, moz:webdriverClick: true, pageLoadStrategy: normal, platform: WINDOWS, platformName: WINDOWS, platformVersion: 10.0, proxy: Proxy(), setWindowRect: true, strictFileInteractability: false, timeouts: {implicit: 0, pageLoad: 300000, script: 30000}, unhandledPromptBehavior: dismiss and notify}
Session ID: c8c3b50a-6c5d-4eb7-a625-0bd77ebc3a88
*** Element info: {Using=xpath, value=//i[contains(@class,'signout')]}
at sun.reflect.GeneratedConstructorAccessor24.newInstance(Unknown Source)
at sun.reflect.DelegatingConstructorAccessorImpl.newInstance(Unknown Source)
at java.lang.reflect.Constructor.newInstance(Unknown Source)
at org.openqa.selenium.remote.http.W3CHttpResponseCodec.createException(W3CHttpResponseCodec.java:187)
at org.openqa.selenium.remote.http.W3CHttpResponseCodec.decode(W3CHttpResponseCodec.java:122)
at org.openqa.selenium.remote.http.W3CHttpResponseCodec.decode(W3CHttpResponseCodec.java:49)
at org.openqa.selenium.remote.HttpCommandExecutor.execute(HttpCommandExecutor.java:158)
at org.openqa.selenium.remote.service.DriverCommandExecutor.execute(DriverCommandExecutor.java:83)
at org.openqa.selenium.remote.RemoteWebDriver.execute(RemoteWebDriver.java:552)
at org.openqa.selenium.remote.RemoteWebDriver.findElement(RemoteWebDriver.java:323)
at org.openqa.selenium.remote.RemoteWebDriver.findElementByXPath(RemoteWebDriver.java:428)
at org.openqa.selenium.By$ByXPath.findElement(By.java:353)
at org.openqa.selenium.remote.RemoteWebDriver.findElement(RemoteWebDriver.java:315)
at org.openqa.selenium.support.ui.ExpectedConditions$7.apply(ExpectedConditions.java:205)
at org.openqa.selenium.support.ui.ExpectedConditions$7.apply(ExpectedConditions.java:201)
at org.openqa.selenium.support.ui.ExpectedConditions$22.apply(ExpectedConditions.java:641)
at org.openqa.selenium.support.ui.ExpectedConditions$22.apply(ExpectedConditions.java:638)
at org.openqa.selenium.support.ui.FluentWait.until(FluentWait.java:249)
... 17 more
]]>
            </full-stacktrace>
          </exception> <!-- org.openqa.selenium.TimeoutException -->
          <reporter-output>
          </reporter-output>
        </test-method> <!-- loginLogoutTest -->
        <test-method status="PASS" signature="teardown()[pri:0, instance:com.qa.company.tests.OpenMRSTest@d62f43]" name="teardown" is-config="true" duration-ms="2365" started-at="2022-02-22T14:38:58Z" finished-at="2022-02-22T14:39:01Z">
          <reporter-output>
          </reporter-output>
        </test-method> <!-- teardown -->
      </class> <!-- com.qa.company.tests.OpenMRSTest -->
    </test> <!-- Test -->
  </suite> <!-- Suite -->
</testng-results>
